2020-12-28 09:30:37.156+0000 INFO  Starting...
2020-12-28 09:30:40.007+0000 INFO  ======== Neo4j 4.2.1 ========
2020-12-28 09:30:46.394+0000 INFO  Initializing system graph model for component 'security-users' with version -1 and status UNINITIALIZED
2020-12-28 09:30:46.406+0000 INFO  Setting up initial user from defaults: neo4j
2020-12-28 09:30:46.406+0000 INFO  Creating new user 'neo4j' (passwordChangeRequired=true, suspended=false)
2020-12-28 09:30:46.519+0000 INFO  Setting version for 'security-users' to 2
2020-12-28 09:30:46.550+0000 INFO  After initialization of system graph model component 'security-users' have version 2 and status CURRENT
2020-12-28 09:30:46.580+0000 INFO  Performing postInitialization step for component 'security-users' with version 2 and status CURRENT
2020-12-28 09:30:55.065+0000 INFO  Bolt enabled on localhost:7687.
2020-12-28 09:30:56.147+0000 INFO  Remote interface available at http://localhost:7474/
2020-12-28 09:30:56.148+0000 INFO  Started.
2021-01-05 08:06:00.177+0000 INFO  Starting...
2021-01-05 08:06:03.463+0000 INFO  ======== Neo4j 4.2.1 ========
2021-01-05 08:06:05.448+0000 INFO  Performing postInitialization step for component 'security-users' with version 2 and status CURRENT
2021-01-05 08:06:05.449+0000 INFO  Updating the initial password in component 'security-users'  
2021-01-05 08:06:11.317+0000 INFO  Bolt enabled on localhost:7687.
2021-01-05 08:06:12.530+0000 INFO  Remote interface available at http://localhost:7474/
2021-01-05 08:06:12.530+0000 INFO  Started.
2021-01-05 08:59:58.129+0000 INFO  Neo4j Server shutdown initiated by request
2021-01-05 08:59:58.135+0000 INFO  Stopping...
2021-01-05 09:00:03.299+0000 INFO  Stopped.
2021-01-05 09:00:24.936+0000 INFO  Starting...
2021-01-05 09:00:28.181+0000 INFO  ======== Neo4j 4.2.1 ========
2021-01-05 09:00:29.985+0000 INFO  Performing postInitialization step for component 'security-users' with version 2 and status CURRENT
2021-01-05 09:00:29.985+0000 INFO  Updating the initial password in component 'security-users'  
2021-01-05 09:00:35.791+0000 INFO  Bolt enabled on localhost:7687.
2021-01-05 09:00:36.978+0000 INFO  Remote interface available at http://localhost:7474/
2021-01-05 09:00:36.978+0000 INFO  Started.
2021-01-06 02:17:16.835+0000 INFO  Starting...
2021-01-06 02:17:20.427+0000 INFO  ======== Neo4j 4.2.1 ========
2021-01-06 02:17:22.308+0000 INFO  Performing postInitialization step for component 'security-users' with version 2 and status CURRENT
2021-01-06 02:17:22.309+0000 INFO  Updating the initial password in component 'security-users'  
2021-01-06 02:17:28.132+0000 INFO  Bolt enabled on localhost:7687.
2021-01-06 02:17:29.162+0000 INFO  Remote interface available at http://localhost:7474/
2021-01-06 02:17:29.163+0000 INFO  Started.
2021-01-15 10:47:34.117+0000 INFO  Starting...
2021-01-15 10:47:36.745+0000 INFO  ======== Neo4j 4.2.1 ========
2021-01-15 10:47:39.101+0000 INFO  Performing postInitialization step for component 'security-users' with version 2 and status CURRENT
2021-01-15 10:47:39.101+0000 INFO  Updating the initial password in component 'security-users'  
2021-01-15 10:47:39.922+0000 INFO  Bolt enabled on localhost:7687.
2021-01-15 10:47:40.927+0000 INFO  Remote interface available at http://localhost:7474/
2021-01-15 10:47:40.928+0000 INFO  Started.
WARNING: sun.reflect.Reflection.getCallerClass is not supported. This will impact performance.
2021-02-01 09:16:44.519+0000 INFO  Starting...
2021-02-01 09:16:47.291+0000 INFO  ======== Neo4j 4.2.1 ========
2021-02-01 09:16:49.207+0000 INFO  Performing postInitialization step for component 'security-users' with version 2 and status CURRENT
2021-02-01 09:16:49.207+0000 INFO  Updating the initial password in component 'security-users'  
2021-02-01 09:16:50.105+0000 INFO  Bolt enabled on localhost:7687.
2021-02-01 09:16:51.326+0000 INFO  Remote interface available at http://localhost:7474/
2021-02-01 09:16:51.327+0000 INFO  Started.
2021-02-01 10:46:47.586+0000 WARN  Failed authentication attempt for 'neo4j' from 127.0.0.1
WARNING: sun.reflect.Reflection.getCallerClass is not supported. This will impact performance.
2021-02-04 06:29:48.373+0000 INFO  Starting...
2021-02-04 06:29:51.001+0000 INFO  ======== Neo4j 4.2.1 ========
2021-02-04 06:29:52.886+0000 INFO  Performing postInitialization step for component 'security-users' with version 2 and status CURRENT
2021-02-04 06:29:52.886+0000 INFO  Updating the initial password in component 'security-users'  
2021-02-04 06:29:53.921+0000 INFO  Bolt enabled on localhost:7687.
2021-02-04 06:29:55.107+0000 INFO  Remote interface available at http://localhost:7474/
2021-02-04 06:29:55.108+0000 INFO  Started.
2021-02-22 08:58:16.439+0000 INFO  Neo4j Server shutdown initiated by request
2021-02-22 08:58:16.444+0000 INFO  Stopping...
2021-02-22 08:58:21.646+0000 INFO  Stopped.
2021-02-22 10:16:11.101+0000 INFO  Starting...
2021-02-22 10:16:14.119+0000 INFO  ======== Neo4j 4.2.1 ========
2021-02-22 10:16:16.144+0000 INFO  Performing postInitialization step for component 'security-users' with version 2 and status CURRENT
2021-02-22 10:16:16.144+0000 INFO  Updating the initial password in component 'security-users'  
2021-02-22 10:16:17.120+0000 INFO  Bolt enabled on localhost:7687.
2021-02-22 10:16:18.291+0000 INFO  Remote interface available at http://localhost:7474/
2021-02-22 10:16:18.292+0000 INFO  Started.
2021-02-22 10:38:49.838+0000 INFO  Neo4j Server shutdown initiated by request
2021-02-22 10:38:49.839+0000 INFO  Stopping...
2021-02-22 10:38:54.940+0000 INFO  Stopped.
2021-03-18 12:38:54.505+0000 INFO  Starting...
2021-03-18 12:38:57.939+0000 INFO  ======== Neo4j 4.2.1 ========
2021-03-18 12:38:59.730+0000 INFO  Performing postInitialization step for component 'security-users' with version 2 and status CURRENT
2021-03-18 12:38:59.731+0000 INFO  Updating the initial password in component 'security-users'  
2021-03-18 12:39:00.634+0000 INFO  Bolt enabled on localhost:7687.
2021-03-18 12:39:01.747+0000 INFO  Remote interface available at http://localhost:7474/
2021-03-18 12:39:01.748+0000 INFO  Started.
2021-05-15 01:31:38.256+0000 INFO  Starting...
2021-05-15 01:31:40.925+0000 INFO  ======== Neo4j 4.2.1 ========
2021-05-15 01:31:42.671+0000 INFO  Performing postInitialization step for component 'security-users' with version 2 and status CURRENT
2021-05-15 01:31:42.672+0000 INFO  Updating the initial password in component 'security-users'  
2021-05-15 01:31:43.602+0000 INFO  Bolt enabled on localhost:7687.
2021-05-15 01:31:44.656+0000 INFO  Remote interface available at http://localhost:7474/
2021-05-15 01:31:44.657+0000 INFO  Started.
2021-05-15 07:10:08.924+0000 WARN  Failed authentication attempt for 'neo4j' from 127.0.0.1
2021-06-06 17:56:10.776+0000 INFO  Neo4j Server shutdown initiated by request
2021-06-06 17:56:10.784+0000 INFO  Stopping...
2021-06-10 01:52:38.098+0000 INFO  Starting...
2021-06-10 01:52:40.663+0000 INFO  ======== Neo4j 4.2.1 ========
2021-06-10 01:52:42.448+0000 INFO  Performing postInitialization step for component 'security-users' with version 2 and status CURRENT
2021-06-10 01:52:42.449+0000 INFO  Updating the initial password in component 'security-users'  
2021-06-10 01:52:43.504+0000 INFO  Bolt enabled on localhost:7687.
2021-06-10 01:52:44.623+0000 INFO  Remote interface available at http://localhost:7474/
2021-06-10 01:52:44.624+0000 INFO  Started.
2021-06-15 11:18:15.775+0000 INFO  Neo4j Server shutdown initiated by request
2021-06-15 11:18:15.778+0000 INFO  Stopping...
2021-06-15 11:36:02.049+0000 INFO  Starting...
2021-06-15 11:36:05.024+0000 INFO  ======== Neo4j 4.2.1 ========
2021-06-15 11:36:06.887+0000 INFO  Performing postInitialization step for component 'security-users' with version 2 and status CURRENT
2021-06-15 11:36:06.888+0000 INFO  Updating the initial password in component 'security-users'  
2021-06-15 11:36:07.932+0000 INFO  Bolt enabled on localhost:7687.
2021-06-15 11:36:09.014+0000 INFO  Remote interface available at http://localhost:7474/
2021-06-15 11:36:09.015+0000 INFO  Started.
2021-07-15 13:25:12.857+0000 INFO  Transaction with id 99919 has been automatically rolled back due to transaction timeout.
2021-07-16 14:30:37.706+0000 INFO  Neo4j Server shutdown initiated by request
2021-07-16 14:30:37.707+0000 INFO  Stopping...
2021-07-24 19:07:45.233+0000 INFO  Starting...
2021-07-24 19:07:48.629+0000 INFO  ======== Neo4j 4.2.1 ========
2021-07-24 19:07:50.471+0000 INFO  Performing postInitialization step for component 'security-users' with version 2 and status CURRENT
2021-07-24 19:07:50.471+0000 INFO  Updating the initial password in component 'security-users'  
2021-07-24 19:07:51.320+0000 INFO  Bolt enabled on localhost:7687.
2021-07-24 19:07:52.916+0000 INFO  Remote interface available at http://localhost:7474/
2021-07-24 19:07:52.917+0000 INFO  Started.
2021-08-03 12:26:25.407+0000 INFO  Neo4j Server shutdown initiated by request
2021-08-03 12:26:25.410+0000 INFO  Stopping...
2021-08-19 02:31:17.240+0000 INFO  Starting...
2021-08-19 02:31:20.735+0000 INFO  ======== Neo4j 4.2.1 ========
2021-08-19 02:31:22.650+0000 INFO  Performing postInitialization step for component 'security-users' with version 2 and status CURRENT
2021-08-19 02:31:22.651+0000 INFO  Updating the initial password in component 'security-users'  
2021-08-19 02:31:23.676+0000 INFO  Bolt enabled on localhost:7687.
2021-08-19 02:31:24.768+0000 INFO  Remote interface available at http://localhost:7474/
2021-08-19 02:31:24.769+0000 INFO  Started.
WARNING: sun.reflect.Reflection.getCallerClass is not supported. This will impact performance.
2021-08-24 07:38:53.324+0000 INFO  Transaction with id 3495 has been automatically rolled back due to transaction timeout.
2021-08-24 09:40:03.156+0000 INFO  Neo4j Server shutdown initiated by request
2021-08-24 09:40:03.160+0000 INFO  Stopping...
2021-08-24 13:41:12.209+0000 INFO  Starting...
2021-08-24 13:41:15.767+0000 INFO  ======== Neo4j 4.2.1 ========
2021-08-24 13:41:17.457+0000 INFO  Performing postInitialization step for component 'security-users' with version 2 and status CURRENT
2021-08-24 13:41:17.457+0000 INFO  Updating the initial password in component 'security-users'  
2021-08-24 13:41:18.309+0000 INFO  Bolt enabled on localhost:7687.
2021-08-24 13:41:19.613+0000 INFO  Remote interface available at http://localhost:7474/
2021-08-24 13:41:19.614+0000 INFO  Started.
2021-08-28 07:43:41.547+0000 INFO  Neo4j Server shutdown initiated by request
2021-08-28 07:43:41.549+0000 INFO  Stopping...
2021-08-28 07:43:46.775+0000 INFO  Stopped.
Exception in thread "main" java.lang.IllegalArgumentException: Error evaluating value for setting 'dbms.default_database'. Database name 'kg    #neo4j' contains illegal characters. Use simple ascii characters, numbers, dots and dashes.
	at org.neo4j.configuration.Config.evaluateSetting(Config.java:780)
	at org.neo4j.configuration.Config.evaluateSettingValues(Config.java:610)
	at org.neo4j.configuration.Config.<init>(Config.java:581)
	at org.neo4j.configuration.Config$Builder.build(Config.java:289)
	at org.neo4j.server.NeoBootstrapper.start(NeoBootstrapper.java:110)
	at org.neo4j.server.NeoBootstrapper.start(NeoBootstrapper.java:90)
	at org.neo4j.server.CommunityEntryPoint.main(CommunityEntryPoint.java:35)
Caused by: java.lang.IllegalArgumentException: Database name 'kg    #neo4j' contains illegal characters. Use simple ascii characters, numbers, dots and dashes.
	at org.neo4j.configuration.helpers.DatabaseNameValidator.validateInternalDatabaseName(DatabaseNameValidator.java:71)
	at org.neo4j.configuration.helpers.DatabaseNameValidator.validateExternalDatabaseName(DatabaseNameValidator.java:38)
	at org.neo4j.configuration.SettingValueParsers$17.validate(SettingValueParsers.java:686)
	at org.neo4j.configuration.SettingValueParsers$17.parse(SettingValueParsers.java:679)
	at org.neo4j.configuration.SettingValueParsers$17.parse(SettingValueParsers.java:675)
	at org.neo4j.configuration.SettingImpl.parse(SettingImpl.java:89)
	at org.neo4j.configuration.Config.evaluateSetting(Config.java:761)
	... 6 more
2021-08-28 07:43:59.695+0000 INFO  [o.n.s.CommunityBootstrapper] Neo4j Server shutdown initiated by request
2021-08-28 07:43:59.701+0000 INFO  [o.n.s.CommunityBootstrapper] Stopped.
2021-08-28 07:56:18.982+0000 INFO  Starting...
2021-08-28 07:56:21.861+0000 INFO  ======== Neo4j 4.2.1 ========
2021-08-28 07:56:23.763+0000 INFO  Performing postInitialization step for component 'security-users' with version 2 and status CURRENT
2021-08-28 07:56:23.764+0000 INFO  Updating the initial password in component 'security-users'  
2021-08-28 07:56:24.753+0000 INFO  Bolt enabled on localhost:7687.
2021-08-28 07:56:25.831+0000 INFO  Remote interface available at http://localhost:7474/
2021-08-28 07:56:25.832+0000 INFO  Started.
2021-09-04 01:20:31.285+0000 INFO  Neo4j Server shutdown initiated by request
2021-09-04 01:20:31.290+0000 INFO  Stopping...
2021-09-06 12:09:10.399+0000 INFO  Starting...
2021-09-06 12:09:14.428+0000 INFO  ======== Neo4j 4.2.1 ========
2021-09-06 12:09:16.189+0000 INFO  Performing postInitialization step for component 'security-users' with version 2 and status CURRENT
2021-09-06 12:09:16.190+0000 INFO  Updating the initial password in component 'security-users'  
2021-09-06 12:09:17.094+0000 INFO  Bolt enabled on localhost:7687.
2021-09-06 12:09:18.115+0000 INFO  Remote interface available at http://localhost:7474/
2021-09-06 12:09:18.116+0000 INFO  Started.
2021-09-10 05:52:50.977+0000 INFO  Neo4j Server shutdown initiated by request
2021-09-10 05:52:50.982+0000 INFO  Stopping...
2021-09-10 05:52:56.256+0000 INFO  Stopped.
Exception in thread "main" java.lang.IllegalArgumentException: Error evaluating value for setting 'dbms.connector.http.advertised_address'. Configured socket address must be in the format "hostname:port". ":7475  # :7474" does not conform to this format
	at org.neo4j.configuration.Config.evaluateSetting(Config.java:780)
	at org.neo4j.configuration.Config.evaluateSettingValues(Config.java:610)
	at org.neo4j.configuration.Config.<init>(Config.java:581)
	at org.neo4j.configuration.Config$Builder.build(Config.java:289)
	at org.neo4j.server.NeoBootstrapper.start(NeoBootstrapper.java:110)
	at org.neo4j.server.NeoBootstrapper.start(NeoBootstrapper.java:90)
	at org.neo4j.server.CommunityEntryPoint.main(CommunityEntryPoint.java:35)
Caused by: java.lang.IllegalArgumentException: Configured socket address must be in the format "hostname:port". ":7475  # :7474" does not conform to this format
	at org.neo4j.configuration.helpers.SocketAddressParser.socketAddress(SocketAddressParser.java:90)
	at org.neo4j.configuration.SettingValueParsers$12.parse(SettingValueParsers.java:460)
	at org.neo4j.configuration.SettingValueParsers$12.parse(SettingValueParsers.java:456)
	at org.neo4j.configuration.SettingImpl.parse(SettingImpl.java:89)
	at org.neo4j.configuration.Config.evaluateSetting(Config.java:761)
	... 6 more
2021-09-10 06:01:36.922+0000 INFO  [o.n.s.CommunityBootstrapper] Neo4j Server shutdown initiated by request
2021-09-10 06:01:36.928+0000 INFO  [o.n.s.CommunityBootstrapper] Stopped.
2021-09-10 06:25:39.753+0000 INFO  Starting...
2021-09-10 06:25:43.330+0000 INFO  ======== Neo4j 4.2.1 ========
2021-09-10 06:25:45.679+0000 INFO  Performing postInitialization step for component 'security-users' with version 2 and status CURRENT
2021-09-10 06:25:45.680+0000 INFO  Updating the initial password in component 'security-users'  
2021-09-10 06:25:46.788+0000 INFO  Bolt enabled on localhost:7688.
2021-09-10 06:25:48.355+0000 INFO  Remote interface available at http://localhost:7475/
2021-09-10 06:25:48.356+0000 INFO  Started.
2021-09-10 06:55:24.417+0000 WARN  The client is unauthorized due to authentication failure.
2021-09-10 06:55:24.440+0000 WARN  The client is unauthorized due to authentication failure.
